<?xml version="1.0" encoding="UTF-8"?>
<!-- Generated by org.testng.reporters.JUnitReportReporter -->
<testsuite hostname="DESKTOP-VVVR50M" name="sample.mainApp" tests="2" failures="0" timestamp="13 Feb 2018 21:31:34 GMT" time="0.015" errors="0">
  <testcase name="runTest2" time="0.012" classname="sample.mainApp"/>
  <testcase name="testEmail" time="0.003" classname="sample.mainApp"/>
</testsuite> <!-- sample.mainApp -->
